{"C:\\Users\\Usuario\\Documents\\GitHub\\QualidadeSoftware\\funcoes.js": {"path":"C:\\Users\\Usuario\\Documents\\GitHub\\QualidadeSoftware\\funcoes.js","statementMap":{"0":{"start":{"line":1,"column":14},"end":{"line":1,"column":30}},"1":{"start":{"line":3,"column":16},"end":{"line":25,"column":1}},"2":{"start":{"line":5,"column":34},"end":{"line":5,"column":41}},"3":{"start":{"line":7,"column":22},"end":{"line":7,"column":26}},"4":{"start":{"line":10,"column":8},"end":{"line":13,"column":25}},"5":{"start":{"line":11,"column":12},"end":{"line":11,"column":24}},"6":{"start":{"line":13,"column":12},"end":{"line":13,"column":25}},"7":{"start":{"line":16,"column":27},"end":{"line":16,"column":59}},"8":{"start":{"line":20,"column":29},"end":{"line":20,"column":34}},"9":{"start":{"line":22,"column":26},"end":{"line":24,"column":52}},"10":{"start":{"line":23,"column":21},"end":{"line":23,"column":29}},"11":{"start":{"line":24,"column":22},"end":{"line":24,"column":51}},"12":{"start":{"line":26,"column":0},"end":{"line":26,"column":25}}},"fnMap":{"0":{"name":"(anonymous_0)","decl":{"start":{"line":5,"column":22},"end":{"line":5,"column":23}},"loc":{"start":{"line":5,"column":34},"end":{"line":5,"column":41}},"line":5},"1":{"name":"(anonymous_1)","decl":{"start":{"line":7,"column":16},"end":{"line":7,"column":17}},"loc":{"start":{"line":7,"column":22},"end":{"line":7,"column":26}},"line":7},"2":{"name":"(anonymous_2)","decl":{"start":{"line":9,"column":18},"end":{"line":9,"column":19}},"loc":{"start":{"line":9,"column":35},"end":{"line":14,"column":5}},"line":9},"3":{"name":"(anonymous_3)","decl":{"start":{"line":16,"column":20},"end":{"line":16,"column":21}},"loc":{"start":{"line":16,"column":27},"end":{"line":16,"column":59}},"line":16},"4":{"name":"(anonymous_4)","decl":{"start":{"line":20,"column":22},"end":{"line":20,"column":23}},"loc":{"start":{"line":20,"column":29},"end":{"line":20,"column":34}},"line":20},"5":{"name":"(anonymous_5)","decl":{"start":{"line":22,"column":20},"end":{"line":22,"column":21}},"loc":{"start":{"line":22,"column":26},"end":{"line":24,"column":52}},"line":22},"6":{"name":"(anonymous_6)","decl":{"start":{"line":23,"column":14},"end":{"line":23,"column":15}},"loc":{"start":{"line":23,"column":21},"end":{"line":23,"column":29}},"line":23},"7":{"name":"(anonymous_7)","decl":{"start":{"line":24,"column":15},"end":{"line":24,"column":16}},"loc":{"start":{"line":24,"column":22},"end":{"line":24,"column":51}},"line":24}},"branchMap":{"0":{"loc":{"start":{"line":10,"column":8},"end":{"line":13,"column":25}},"type":"if","locations":[{"start":{"line":10,"column":8},"end":{"line":13,"column":25}},{"start":{"line":13,"column":12},"end":{"line":13,"column":25}}],"line":10},"1":{"loc":{"start":{"line":10,"column":11},"end":{"line":10,"column":41}},"type":"binary-expr","locations":[{"start":{"line":10,"column":11},"end":{"line":10,"column":24}},{"start":{"line":10,"column":28},"end":{"line":10,"column":41}}],"line":10}},"s":{"0":1,"1":1,"2":1,"3":1,"4":3,"5":2,"6":1,"7":4,"8":0,"9":2,"10":2,"11":0,"12":1},"f":{"0":1,"1":1,"2":3,"3":4,"4":0,"5":2,"6":2,"7":0},"b":{"0":[2,1],"1":[3,2]},"_coverageSchema":"1a1c01bbd47fc00a2c39e90264f33305004495a9","hash":"d7ab4b5207111ad999173fd1af5fff2410af7a13"}
}
